<?xml version="1.0" encoding="UTF-8"?>
<testng-results skipped="0" failed="0" ignored="0" total="1" passed="1">
  <reporter-output>
  </reporter-output>
  <suite name="Default suite" duration-ms="5012" started-at="2020-12-04T15:47:38 UTC" finished-at="2020-12-04T15:47:43 UTC">
    <groups>
    </groups>
    <test name="Default test" duration-ms="5012" started-at="2020-12-04T15:47:38 UTC" finished-at="2020-12-04T15:47:43 UTC">
      <class name="com.redBus.Login.test.LoginTest">
        <test-method status="PASS" signature="fetchdata()[pri:0, instance:com.redBus.Login.test.LoginTest@1b68ddbd]" name="fetchdata" is-config="true" duration-ms="464" started-at="2020-12-04T15:47:38 UTC" finished-at="2020-12-04T15:47:39 UTC">
          <reporter-output>
          </reporter-output>
        </test-method> <!-- fetchdata -->
        <test-method status="PASS" signature="setup()[pri:0, instance:com.redBus.Login.test.LoginTest@1b68ddbd]" name="setup" is-config="true" duration-ms="3008" started-at="2020-12-04T15:47:39 UTC" finished-at="2020-12-04T15:47:42 UTC">
          <reporter-output>
          </reporter-output>
        </test-method> <!-- setup -->
        <test-method status="PASS" signature="login()[pri:0, instance:com.redBus.Login.test.LoginTest@1b68ddbd]" name="login" duration-ms="1478" started-at="2020-12-04T15:47:42 UTC" finished-at="2020-12-04T15:47:43 UTC">
          <reporter-output>
          </reporter-output>
        </test-method> <!-- login -->
      </class> <!-- com.redBus.Login.test.LoginTest -->
    </test> <!-- Default test -->
  </suite> <!-- Default suite -->
</testng-results>
